<?xml version="1.0" encoding="UTF-8"?>
<testsuite xmlns:xsi="http://www.w3.org/2001/XMLSchema-instance" xsi:noNamespaceSchemaLocation="https://maven.apache.org/surefire/maven-surefire-plugin/xsd/surefire-test-report-3.0.xsd" version="3.0" name="com.nicholas.AppTest" time="0.012" tests="1" errors="0" skipped="0" failures="0">
  <properties>
    <property name="java.specification.version" value="17"/>
    <property name="sun.cpu.isalist" value="amd64"/>
    <property name="sun.jnu.encoding" value="Cp1252"/>
    <property name="java.class.path" value="C:\Users\nicho\Desktop\Java Projetos\Projetos\game-dashboard\target\test-classes;C:\Users\nicho\Desktop\Java Projetos\Projetos\game-dashboard\target\classes;C:\Users\nicho\.m2\repository\junit\junit\3.8.1\junit-3.8.1.jar;C:\Users\nicho\.m2\repository\org\openjfx\javafx-controls\17.0.9\javafx-controls-17.0.9-win.jar;C:\Users\nicho\.m2\repository\org\openjfx\javafx-graphics\17.0.9\javafx-graphics-17.0.9.jar;C:\Users\nicho\.m2\repository\org\openjfx\javafx-fxml\17.0.9\javafx-fxml-17.0.9-win.jar;C:\Users\nicho\.m2\repository\org\openjfx\javafx-controls\17.0.9\javafx-controls-17.0.9.jar;C:\Users\nicho\.m2\repository\org\openjfx\javafx-graphics\17.0.9\javafx-graphics-17.0.9-win.jar;C:\Users\nicho\.m2\repository\org\openjfx\javafx-base\17.0.9\javafx-base-17.0.9.jar;C:\Users\nicho\.m2\repository\org\openjfx\javafx-base\17.0.9\javafx-base-17.0.9-win.jar;C:\Users\nicho\.m2\repository\org\xerial\sqlite-jdbc\3.40.0.0\sqlite-jdbc-3.40.0.0.jar;C:\Users\nicho\.m2\repository\org\jfree\jfreechart\1.5.3\jfreechart-1.5.3.jar;C:\Users\nicho\.m2\repository\org\jfree\org.jfree.chart.fx\2.0.1\org.jfree.chart.fx-2.0.1.jar;C:\Users\nicho\.m2\repository\org\jfree\org.jfree.fxgraphics2d\2.1\org.jfree.fxgraphics2d-2.1.jar;C:\Users\nicho\.m2\repository\org\openjfx\javafx-swing\15\javafx-swing-15.jar;C:\Users\nicho\.m2\repository\org\openjfx\javafx-swing\15\javafx-swing-15-win.jar;C:\Users\nicho\.m2\repository\org\jsoup\jsoup\1.16.1\jsoup-1.16.1.jar;C:\Users\nicho\.m2\repository\org\json\json\20230618\json-20230618.jar;C:\Users\nicho\.m2\repository\de\jensd\fontawesomefx\8.9\fontawesomefx-8.9.jar;C:\Users\nicho\.m2\repository\org\kordamp\ikonli\ikonli-javafx\12.3.1\ikonli-javafx-12.3.1.jar;C:\Users\nicho\.m2\repository\org\kordamp\ikonli\ikonli-core\12.3.1\ikonli-core-12.3.1.jar;C:\Users\nicho\.m2\repository\org\kordamp\ikonli\ikonli-fontawesome-pack\12.3.1\ikonli-fontawesome-pack-12.3.1.jar;"/>
    <property name="java.vm.vendor" value="Eclipse Adoptium"/>
    <property name="sun.arch.data.model" value="64"/>
    <property name="user.variant" value=""/>
    <property name="java.vendor.url" value="https://adoptium.net/"/>
    <property name="user.timezone" value="America/Sao_Paulo"/>
    <property name="os.name" value="Windows 11"/>
    <property name="java.vm.specification.version" value="17"/>
    <property name="sun.java.launcher" value="SUN_STANDARD"/>
    <property name="user.country" value="BR"/>
    <property name="sun.boot.library.path" value="C:\Users\nicho\AppData\Local\Programs\Eclipse Adoptium\jdk-17.0.9.9-hotspot\bin"/>
    <property name="sun.java.command" value="C:\Users\nicho\AppData\Local\Temp\surefire9210072730070078960\surefirebooter-20250605152417132_3.jar C:\Users\nicho\AppData\Local\Temp\surefire9210072730070078960 2025-06-05T15-24-16_834-jvmRun1 surefire-20250605152417132_1tmp surefire_0-20250605152417132_2tmp"/>
    <property name="jdk.debug" value="release"/>
    <property name="surefire.test.class.path" value="C:\Users\nicho\Desktop\Java Projetos\Projetos\game-dashboard\target\test-classes;C:\Users\nicho\Desktop\Java Projetos\Projetos\game-dashboard\target\classes;C:\Users\nicho\.m2\repository\junit\junit\3.8.1\junit-3.8.1.jar;C:\Users\nicho\.m2\repository\org\openjfx\javafx-controls\17.0.9\javafx-controls-17.0.9-win.jar;C:\Users\nicho\.m2\repository\org\openjfx\javafx-graphics\17.0.9\javafx-graphics-17.0.9.jar;C:\Users\nicho\.m2\repository\org\openjfx\javafx-fxml\17.0.9\javafx-fxml-17.0.9-win.jar;C:\Users\nicho\.m2\repository\org\openjfx\javafx-controls\17.0.9\javafx-controls-17.0.9.jar;C:\Users\nicho\.m2\repository\org\openjfx\javafx-graphics\17.0.9\javafx-graphics-17.0.9-win.jar;C:\Users\nicho\.m2\repository\org\openjfx\javafx-base\17.0.9\javafx-base-17.0.9.jar;C:\Users\nicho\.m2\repository\org\openjfx\javafx-base\17.0.9\javafx-base-17.0.9-win.jar;C:\Users\nicho\.m2\repository\org\xerial\sqlite-jdbc\3.40.0.0\sqlite-jdbc-3.40.0.0.jar;C:\Users\nicho\.m2\repository\org\jfree\jfreechart\1.5.3\jfreechart-1.5.3.jar;C:\Users\nicho\.m2\repository\org\jfree\org.jfree.chart.fx\2.0.1\org.jfree.chart.fx-2.0.1.jar;C:\Users\nicho\.m2\repository\org\jfree\org.jfree.fxgraphics2d\2.1\org.jfree.fxgraphics2d-2.1.jar;C:\Users\nicho\.m2\repository\org\openjfx\javafx-swing\15\javafx-swing-15.jar;C:\Users\nicho\.m2\repository\org\openjfx\javafx-swing\15\javafx-swing-15-win.jar;C:\Users\nicho\.m2\repository\org\jsoup\jsoup\1.16.1\jsoup-1.16.1.jar;C:\Users\nicho\.m2\repository\org\json\json\20230618\json-20230618.jar;C:\Users\nicho\.m2\repository\de\jensd\fontawesomefx\8.9\fontawesomefx-8.9.jar;C:\Users\nicho\.m2\repository\org\kordamp\ikonli\ikonli-javafx\12.3.1\ikonli-javafx-12.3.1.jar;C:\Users\nicho\.m2\repository\org\kordamp\ikonli\ikonli-core\12.3.1\ikonli-core-12.3.1.jar;C:\Users\nicho\.m2\repository\org\kordamp\ikonli\ikonli-fontawesome-pack\12.3.1\ikonli-fontawesome-pack-12.3.1.jar;"/>
    <property name="sun.cpu.endian" value="little"/>
    <property name="user.home" value="C:\Users\nicho"/>
    <property name="user.language" value="pt"/>
    <property name="java.specification.vendor" value="Oracle Corporation"/>
    <property name="java.version.date" value="2023-10-17"/>
    <property name="java.home" value="C:\Users\nicho\AppData\Local\Programs\Eclipse Adoptium\jdk-17.0.9.9-hotspot"/>
    <property name="file.separator" value="\"/>
    <property name="basedir" value="C:\Users\nicho\Desktop\Java Projetos\Projetos\game-dashboard"/>
    <property name="java.vm.compressedOopsMode" value="Zero based"/>
    <property name="line.separator" value="&#10;"/>
    <property name="java.vm.specification.vendor" value="Oracle Corporation"/>
    <property name="java.specification.name" value="Java Platform API Specification"/>
    <property name="surefire.real.class.path" value="C:\Users\nicho\AppData\Local\Temp\surefire9210072730070078960\surefirebooter-20250605152417132_3.jar"/>
    <property name="user.script" value=""/>
    <property name="sun.management.compiler" value="HotSpot 64-Bit Tiered Compilers"/>
    <property name="java.runtime.version" value="17.0.9+9"/>
    <property name="user.name" value="nicho"/>
    <property name="path.separator" value=";"/>
    <property name="os.version" value="10.0"/>
    <property name="java.runtime.name" value="OpenJDK Runtime Environment"/>
    <property name="file.encoding" value="Cp1252"/>
    <property name="java.vm.name" value="OpenJDK 64-Bit Server VM"/>
    <property name="java.vendor.version" value="Temurin-17.0.9+9"/>
    <property name="localRepository" value="C:\Users\nicho\.m2\repository"/>
    <property name="java.vendor.url.bug" value="https://github.com/adoptium/adoptium-support/issues"/>
    <property name="java.io.tmpdir" value="C:\Users\nicho\AppData\Local\Temp\"/>
    <property name="java.version" value="17.0.9"/>
    <property name="user.dir" value="C:\Users\nicho\Desktop\Java Projetos\Projetos\game-dashboard"/>
    <property name="os.arch" value="amd64"/>
    <property name="java.vm.specification.name" value="Java Virtual Machine Specification"/>
    <property name="sun.os.patch.level" value=""/>
    <property name="native.encoding" value="Cp1252"/>
    <property name="java.library.path" value="C:\Users\nicho\AppData\Local\Programs\Eclipse Adoptium\jdk-17.0.9.9-hotspot\bin;C:\WINDOWS\Sun\Java\bin;C:\WINDOWS\system32;C:\WINDOWS;C:\Program Files\Eclipse Adoptium\jdk-17.0.15.6-hotspot\bin;C:\Program Files\Common Files\Oracle\Java\javapath;C:\Program Files (x86)\Common Files\Oracle\Java\java8path;C:\Program Files (x86)\Common Files\Oracle\Java\javapath;C:\Windows\system32;C:\Windows;C:\Windows\System32\Wbem;C:\Windows\System32\WindowsPowerShell\v1.0\;C:\Windows\System32\OpenSSH\;C:\Program Files\dotnet\;C:\Program Files (x86)\HP\Common\HPDestPlgIn\;C:\Program Files\NVIDIA Corporation\NVIDIA app\NvDLISR;C:\WINDOWS\system32;C:\WINDOWS;C:\WINDOWS\System32\Wbem;C:\WINDOWS\System32\WindowsPowerShell\v1.0\;C:\WINDOWS\System32\OpenSSH\;C:\Program Files (x86)\NVIDIA Corporation\PhysX\Common;C:\Program Files\Git\cmd;C:\Program Files\Java\jdk-11\bin;C:\javafx-sdk-17\bin;C:\Program Files (x86)\WiX Toolset v3.14\bin;C:\javafx-sdk-17.0.8\bin;C:\javafx-sdk-17.0.9\bin;C:\Users\nicho\AppData\Local\Programs\Python\Python313\Scripts\;C:\Users\nicho\AppData\Local\Programs\Python\Python313\;C:\Users\nicho\AppData\Local\Programs\Eclipse Adoptium\jdk-17.0.9.9-hotspot\bin;C:\Users\nicho\AppData\Local\Microsoft\WindowsApps;C:\Users\nicho\AppData\Local\Programs\Microsoft VS Code\bin;C:\Program Files\Java\jdk-17;C:\Program Files\JetBrains\IntelliJ IDEA Community Edition 2023.2.4\bin;;C:\Program Files (x86)\HP\Common\HPDestPlgIn\;C:\Program Files\Apache\Maven\apache-maven-3.9.9\bin;;."/>
    <property name="java.vm.info" value="mixed mode, sharing"/>
    <property name="java.vendor" value="Eclipse Adoptium"/>
    <property name="java.vm.version" value="17.0.9+9"/>
    <property name="sun.io.unicode.encoding" value="UnicodeLittle"/>
    <property name="java.class.version" value="61.0"/>
  </properties>
  <testcase name="testApp" classname="com.nicholas.AppTest" time="0.001"/>
</testsuite>